#! c:/iverilog-x64/bin/vvp
:ivl_version "10.1 (stable)" "(v10_1_1)";
:ivl_delay_selection "TYPICAL";
:vpi_time_precision + 0;
:vpi_module "system";
:vpi_module "vhdl_sys";
:vpi_module "v2005_math";
:vpi_module "va_math";
S_00000000026f1c60 .scope module, "bus_top" "bus_top" 2 5;
 .timescale 0 0;
    .port_info 0 /INPUT 1 "clk"
    .port_info 1 /INPUT 1 "reset"
    .port_info 2 /INPUT 1 "m0_req_"
    .port_info 3 /INPUT 1 "m1_req_"
    .port_info 4 /INPUT 1 "m2_req_"
    .port_info 5 /INPUT 1 "m3_req_"
    .port_info 6 /OUTPUT 1 "m0_grnt_"
    .port_info 7 /OUTPUT 1 "m1_grnt_"
    .port_info 8 /OUTPUT 1 "m2_grnt_"
    .port_info 9 /OUTPUT 1 "m3_grnt_"
    .port_info 10 /INPUT 30 "m0_addr"
    .port_info 11 /INPUT 1 "m0_as_"
    .port_info 12 /INPUT 1 "m0_rw"
    .port_info 13 /INPUT 32 "m0_wr_data"
    .port_info 14 /INPUT 30 "m1_addr"
    .port_info 15 /INPUT 1 "m1_as_"
    .port_info 16 /INPUT 1 "m1_rw"
    .port_info 17 /INPUT 32 "m1_wr_data"
    .port_info 18 /INPUT 30 "m2_addr"
    .port_info 19 /INPUT 1 "m2_as_"
    .port_info 20 /INPUT 1 "m2_rw"
    .port_info 21 /INPUT 32 "m2_wr_data"
    .port_info 22 /INPUT 30 "m3_addr"
    .port_info 23 /INPUT 1 "m3_as_"
    .port_info 24 /INPUT 1 "m3_rw"
    .port_info 25 /INPUT 32 "m3_wr_data"
    .port_info 26 /OUTPUT 1 "s0_cs_"
    .port_info 27 /OUTPUT 1 "s1_cs_"
    .port_info 28 /OUTPUT 1 "s2_cs_"
    .port_info 29 /OUTPUT 1 "s3_cs_"
    .port_info 30 /OUTPUT 1 "s4_cs_"
    .port_info 31 /OUTPUT 1 "s5_cs_"
    .port_info 32 /OUTPUT 1 "s6_cs_"
    .port_info 33 /OUTPUT 1 "s7_cs_"
    .port_info 34 /OUTPUT 30 "s_addr"
    .port_info 35 /OUTPUT 1 "s_as_"
    .port_info 36 /OUTPUT 1 "s_rw"
    .port_info 37 /OUTPUT 32 "s_wr_data"
    .port_info 38 /INPUT 32 "s0_rd_data"
    .port_info 39 /INPUT 1 "s0_rdy_"
    .port_info 40 /INPUT 32 "s1_rd_data"
    .port_info 41 /INPUT 1 "s1_rdy_"
    .port_info 42 /INPUT 32 "s2_rd_data"
    .port_info 43 /INPUT 1 "s2_rdy_"
    .port_info 44 /INPUT 32 "s3_rd_data"
    .port_info 45 /INPUT 1 "s3_rdy_"
    .port_info 46 /INPUT 32 "s4_rd_data"
    .port_info 47 /INPUT 1 "s4_rdy_"
    .port_info 48 /INPUT 32 "s5_rd_data"
    .port_info 49 /INPUT 1 "s5_rdy_"
    .port_info 50 /INPUT 32 "s6_rd_data"
    .port_info 51 /INPUT 1 "s6_rdy_"
    .port_info 52 /INPUT 32 "s7_rd_data"
    .port_info 53 /INPUT 1 "s7_rdy_"
    .port_info 54 /OUTPUT 32 "m_rd_data"
    .port_info 55 /OUTPUT 1 "m_rdy_"
o0000000002722f98 .functor BUFZ 1, C4<z>; HiZ drive
v000000000277b8f0_0 .net "clk", 0 0, o0000000002722f98;  0 drivers
o0000000002723388 .functor BUFZ 30, C4<zzzzzzzzzzzzzzzzzzzzzzzzzzzzzz>; HiZ drive
v000000000277b490_0 .net "m0_addr", 29 0, o0000000002723388;  0 drivers
o00000000027233b8 .functor BUFZ 1, C4<z>; HiZ drive
v000000000277b0d0_0 .net "m0_as_", 0 0, o00000000027233b8;  0 drivers
v000000000277b990_0 .net "m0_grnt_", 0 0, v00000000027793a0_0;  1 drivers
o0000000002722ff8 .functor BUFZ 1, C4<z>; HiZ drive
v000000000277b2b0_0 .net "m0_req_", 0 0, o0000000002722ff8;  0 drivers
o00000000027233e8 .functor BUFZ 1, C4<z>; HiZ drive
v000000000277be90_0 .net "m0_rw", 0 0, o00000000027233e8;  0 drivers
o0000000002723418 .functor BUFZ 32, C4<zzzzzzzzzzzzzzzzzzzzzzzzzzzzzzzz>; HiZ drive
v000000000277b350_0 .net "m0_wr_data", 31 0, o0000000002723418;  0 drivers
o0000000002723448 .functor BUFZ 30, C4<zzzzzzzzzzzzzzzzzzzzzzzzzzzzzz>; HiZ drive
v000000000277a770_0 .net "m1_addr", 29 0, o0000000002723448;  0 drivers
o0000000002723478 .functor BUFZ 1, C4<z>; HiZ drive
v000000000277a1d0_0 .net "m1_as_", 0 0, o0000000002723478;  0 drivers
v000000000277b3f0_0 .net "m1_grnt_", 0 0, v0000000002779c60_0;  1 drivers
o0000000002723058 .functor BUFZ 1, C4<z>; HiZ drive
v000000000277c6f0_0 .net "m1_req_", 0 0, o0000000002723058;  0 drivers
o00000000027234a8 .functor BUFZ 1, C4<z>; HiZ drive
v000000000277de10_0 .net "m1_rw", 0 0, o00000000027234a8;  0 drivers
o00000000027234d8 .functor BUFZ 32, C4<zzzzzzzzzzzzzzzzzzzzzzzzzzzzzzzz>; HiZ drive
v000000000277c510_0 .net "m1_wr_data", 31 0, o00000000027234d8;  0 drivers
o0000000002723508 .functor BUFZ 30, C4<zzzzzzzzzzzzzzzzzzzzzzzzzzzzzz>; HiZ drive
v000000000277daf0_0 .net "m2_addr", 29 0, o0000000002723508;  0 drivers
o0000000002723538 .functor BUFZ 1, C4<z>; HiZ drive
v000000000277d730_0 .net "m2_as_", 0 0, o0000000002723538;  0 drivers
v000000000277d410_0 .net "m2_grnt_", 0 0, v00000000027798a0_0;  1 drivers
o00000000027230b8 .functor BUFZ 1, C4<z>; HiZ drive
v000000000277cd30_0 .net "m2_req_", 0 0, o00000000027230b8;  0 drivers
o0000000002723568 .functor BUFZ 1, C4<z>; HiZ drive
v000000000277d190_0 .net "m2_rw", 0 0, o0000000002723568;  0 drivers
o0000000002723598 .functor BUFZ 32, C4<zzzzzzzzzzzzzzzzzzzzzzzzzzzzzzzz>; HiZ drive
v000000000277d550_0 .net "m2_wr_data", 31 0, o0000000002723598;  0 drivers
o00000000027235c8 .functor BUFZ 30, C4<zzzzzzzzzzzzzzzzzzzzzzzzzzzzzz>; HiZ drive
v000000000277d230_0 .net "m3_addr", 29 0, o00000000027235c8;  0 drivers
o00000000027235f8 .functor BUFZ 1, C4<z>; HiZ drive
v000000000277e1d0_0 .net "m3_as_", 0 0, o00000000027235f8;  0 drivers
v000000000277c830_0 .net "m3_grnt_", 0 0, v0000000002779260_0;  1 drivers
o0000000002723118 .functor BUFZ 1, C4<z>; HiZ drive
v000000000277d4b0_0 .net "m3_req_", 0 0, o0000000002723118;  0 drivers
o0000000002723628 .functor BUFZ 1, C4<z>; HiZ drive
v000000000277db90_0 .net "m3_rw", 0 0, o0000000002723628;  0 drivers
o0000000002723658 .functor BUFZ 32, C4<zzzzzzzzzzzzzzzzzzzzzzzzzzzzzzzz>; HiZ drive
v000000000277cdd0_0 .net "m3_wr_data", 31 0, o0000000002723658;  0 drivers
v000000000277d5f0_0 .net "m_rd_data", 31 0, v000000000277bb70_0;  1 drivers
v000000000277e130_0 .net "m_rdy_", 0 0, v000000000277b170_0;  1 drivers
o0000000002723178 .functor BUFZ 1, C4<z>; HiZ drive
v000000000277d370_0 .net "reset", 0 0, o0000000002723178;  0 drivers
v000000000277d7d0_0 .net "s0_cs_", 0 0, v00000000026fcd80_0;  1 drivers
o0000000002723bf8 .functor BUFZ 32, C4<zzzzzzzzzzzzzzzzzzzzzzzzzzzzzzzz>; HiZ drive
v000000000277d2d0_0 .net "s0_rd_data", 31 0, o0000000002723bf8;  0 drivers
o0000000002723c28 .functor BUFZ 1, C4<z>; HiZ drive
v000000000277d870_0 .net "s0_rdy_", 0 0, o0000000002723c28;  0 drivers
v000000000277d690_0 .net "s1_cs_", 0 0, v000000000271e070_0;  1 drivers
o0000000002723c58 .functor BUFZ 32, C4<zzzzzzzzzzzzzzzzzzzzzzzzzzzzzzzz>; HiZ drive
v000000000277ce70_0 .net "s1_rd_data", 31 0, o0000000002723c58;  0 drivers
o0000000002723c88 .functor BUFZ 1, C4<z>; HiZ drive
v000000000277da50_0 .net "s1_rdy_", 0 0, o0000000002723c88;  0 drivers
v000000000277c3d0_0 .net "s2_cs_", 0 0, v00000000026df290_0;  1 drivers
o0000000002723cb8 .functor BUFZ 32, C4<zzzzzzzzzzzzzzzzzzzzzzzzzzzzzzzz>; HiZ drive
v000000000277cb50_0 .net "s2_rd_data", 31 0, o0000000002723cb8;  0 drivers
o0000000002723ce8 .functor BUFZ 1, C4<z>; HiZ drive
v000000000277deb0_0 .net "s2_rdy_", 0 0, o0000000002723ce8;  0 drivers
v000000000277d910_0 .net "s3_cs_", 0 0, v00000000026df330_0;  1 drivers
o0000000002723d18 .functor BUFZ 32, C4<zzzzzzzzzzzzzzzzzzzzzzzzzzzzzzzz>; HiZ drive
v000000000277c330_0 .net "s3_rd_data", 31 0, o0000000002723d18;  0 drivers
o0000000002723d48 .functor BUFZ 1, C4<z>; HiZ drive
v000000000277d9b0_0 .net "s3_rdy_", 0 0, o0000000002723d48;  0 drivers
v000000000277df50_0 .net "s4_cs_", 0 0, v00000000026df3d0_0;  1 drivers
o0000000002723d78 .functor BUFZ 32, C4<zzzzzzzzzzzzzzzzzzzzzzzzzzzzzzzz>; HiZ drive
v000000000277cc90_0 .net "s4_rd_data", 31 0, o0000000002723d78;  0 drivers
o0000000002723da8 .functor BUFZ 1, C4<z>; HiZ drive
v000000000277dff0_0 .net "s4_rdy_", 0 0, o0000000002723da8;  0 drivers
v000000000277c650_0 .net "s5_cs_", 0 0, v00000000026df470_0;  1 drivers
o0000000002723dd8 .functor BUFZ 32, C4<zzzzzzzzzzzzzzzzzzzzzzzzzzzzzzzz>; HiZ drive
v000000000277dc30_0 .net "s5_rd_data", 31 0, o0000000002723dd8;  0 drivers
o0000000002723e08 .functor BUFZ 1, C4<z>; HiZ drive
v000000000277c470_0 .net "s5_rdy_", 0 0, o0000000002723e08;  0 drivers
v000000000277cfb0_0 .net "s6_cs_", 0 0, v0000000002779e40_0;  1 drivers
o0000000002723e38 .functor BUFZ 32, C4<zzzzzzzzzzzzzzzzzzzzzzzzzzzzzzzz>; HiZ drive
v000000000277d0f0_0 .net "s6_rd_data", 31 0, o0000000002723e38;  0 drivers
o0000000002723e68 .functor BUFZ 1, C4<z>; HiZ drive
v000000000277dcd0_0 .net "s6_rdy_", 0 0, o0000000002723e68;  0 drivers
v000000000277dd70_0 .net "s7_cs_", 0 0, v0000000002779bc0_0;  1 drivers
o0000000002723e98 .functor BUFZ 32, C4<zzzzzzzzzzzzzzzzzzzzzzzzzzzzzzzz>; HiZ drive
v000000000277e090_0 .net "s7_rd_data", 31 0, o0000000002723e98;  0 drivers
o0000000002723ec8 .functor BUFZ 1, C4<z>; HiZ drive
v000000000277cf10_0 .net "s7_rdy_", 0 0, o0000000002723ec8;  0 drivers
v000000000277d050_0 .net "s_addr", 29 0, v000000000277a590_0;  1 drivers
v000000000277c5b0_0 .net "s_as_", 0 0, v000000000277a9f0_0;  1 drivers
v000000000277c8d0_0 .net "s_rw", 0 0, v000000000277a3b0_0;  1 drivers
v000000000277c790_0 .net "s_wr_data", 31 0, v000000000277b710_0;  1 drivers
S_00000000026e8e70 .scope module, "bus_addr_dec0" "bus_addr_dec" 2 92, 3 3 0, S_00000000026f1c60;
 .timescale 0 0;
    .port_info 0 /INPUT 30 "s_addr"
    .port_info 1 /OUTPUT 1 "s0_cs_"
    .port_info 2 /OUTPUT 1 "s1_cs_"
    .port_info 3 /OUTPUT 1 "s2_cs_"
    .port_info 4 /OUTPUT 1 "s3_cs_"
    .port_info 5 /OUTPUT 1 "s4_cs_"
    .port_info 6 /OUTPUT 1 "s5_cs_"
    .port_info 7 /OUTPUT 1 "s6_cs_"
    .port_info 8 /OUTPUT 1 "s7_cs_"
v00000000026fcd80_0 .var "s0_cs_", 0 0;
v000000000271e070_0 .var "s1_cs_", 0 0;
v00000000026df290_0 .var "s2_cs_", 0 0;
v00000000026df330_0 .var "s3_cs_", 0 0;
v00000000026df3d0_0 .var "s4_cs_", 0 0;
v00000000026df470_0 .var "s5_cs_", 0 0;
v0000000002779e40_0 .var "s6_cs_", 0 0;
v0000000002779bc0_0 .var "s7_cs_", 0 0;
v0000000002779ee0_0 .net "s_addr", 29 0, v000000000277a590_0;  alias, 1 drivers
v0000000002779300_0 .net "s_index", 2 0, L_000000000277c970;  1 drivers
E_000000000271c410 .event edge, v0000000002779300_0;
L_000000000277c970 .part v000000000277a590_0, 27, 3;
S_00000000026df510 .scope module, "bus_arbiter0" "bus_arbiter" 2 76, 4 5 0, S_00000000026f1c60;
 .timescale 0 0;
    .port_info 0 /INPUT 1 "clk"
    .port_info 1 /INPUT 1 "reset"
    .port_info 2 /INPUT 1 "m0_req_"
    .port_info 3 /OUTPUT 1 "m0_grnt_"
    .port_info 4 /INPUT 1 "m1_req_"
    .port_info 5 /OUTPUT 1 "m1_grnt_"
    .port_info 6 /INPUT 1 "m2_req_"
    .port_info 7 /OUTPUT 1 "m2_grnt_"
    .port_info 8 /INPUT 1 "m3_req_"
    .port_info 9 /OUTPUT 1 "m3_grnt_"
v0000000002779940_0 .net "clk", 0 0, o0000000002722f98;  alias, 0 drivers
v00000000027793a0_0 .var "m0_grnt_", 0 0;
v0000000002779120_0 .net "m0_req_", 0 0, o0000000002722ff8;  alias, 0 drivers
v0000000002779c60_0 .var "m1_grnt_", 0 0;
v00000000027799e0_0 .net "m1_req_", 0 0, o0000000002723058;  alias, 0 drivers
v00000000027798a0_0 .var "m2_grnt_", 0 0;
v0000000002779580_0 .net "m2_req_", 0 0, o00000000027230b8;  alias, 0 drivers
v0000000002779260_0 .var "m3_grnt_", 0 0;
v00000000027791c0_0 .net "m3_req_", 0 0, o0000000002723118;  alias, 0 drivers
v0000000002779440_0 .var "owner", 1 0;
v00000000027794e0_0 .net "reset", 0 0, o0000000002723178;  alias, 0 drivers
E_000000000271c850/0 .event negedge, v00000000027794e0_0;
E_000000000271c850/1 .event posedge, v0000000002779940_0;
E_000000000271c850 .event/or E_000000000271c850/0, E_000000000271c850/1;
E_000000000271c710 .event edge, v0000000002779440_0;
S_0000000000f6dfa0 .scope module, "bus_master_mux0" "bus_master_mux" 2 86, 5 3 0, S_00000000026f1c60;
 .timescale 0 0;
    .port_info 0 /INPUT 30 "m0_addr"
    .port_info 1 /INPUT 1 "m0_as_"
    .port_info 2 /INPUT 1 "m0_rw"
    .port_info 3 /INPUT 32 "m0_wr_data"
    .port_info 4 /INPUT 1 "m0_grnt_"
    .port_info 5 /INPUT 30 "m1_addr"
    .port_info 6 /INPUT 1 "m1_as_"
    .port_info 7 /INPUT 1 "m1_rw"
    .port_info 8 /INPUT 32 "m1_wr_data"
    .port_info 9 /INPUT 1 "m1_grnt_"
    .port_info 10 /INPUT 30 "m2_addr"
    .port_info 11 /INPUT 1 "m2_as_"
    .port_info 12 /INPUT 1 "m2_rw"
    .port_info 13 /INPUT 32 "m2_wr_data"
    .port_info 14 /INPUT 1 "m2_grnt_"
    .port_info 15 /INPUT 30 "m3_addr"
    .port_info 16 /INPUT 1 "m3_as_"
    .port_info 17 /INPUT 1 "m3_rw"
    .port_info 18 /INPUT 32 "m3_wr_data"
    .port_info 19 /INPUT 1 "m3_grnt_"
    .port_info 20 /OUTPUT 30 "s_addr"
    .port_info 21 /OUTPUT 1 "s_as_"
    .port_info 22 /OUTPUT 1 "s_rw"
    .port_info 23 /OUTPUT 32 "s_wr_data"
v0000000002779a80_0 .net "m0_addr", 29 0, o0000000002723388;  alias, 0 drivers
v0000000002779800_0 .net "m0_as_", 0 0, o00000000027233b8;  alias, 0 drivers
v0000000002779b20_0 .net "m0_grnt_", 0 0, v00000000027793a0_0;  alias, 1 drivers
v0000000002779f80_0 .net "m0_rw", 0 0, o00000000027233e8;  alias, 0 drivers
v0000000002779d00_0 .net "m0_wr_data", 31 0, o0000000002723418;  alias, 0 drivers
v0000000002779080_0 .net "m1_addr", 29 0, o0000000002723448;  alias, 0 drivers
v0000000002779da0_0 .net "m1_as_", 0 0, o0000000002723478;  alias, 0 drivers
v0000000002779620_0 .net "m1_grnt_", 0 0, v0000000002779c60_0;  alias, 1 drivers
v00000000027796c0_0 .net "m1_rw", 0 0, o00000000027234a8;  alias, 0 drivers
v0000000002779760_0 .net "m1_wr_data", 31 0, o00000000027234d8;  alias, 0 drivers
v000000000277bad0_0 .net "m2_addr", 29 0, o0000000002723508;  alias, 0 drivers
v000000000277b210_0 .net "m2_as_", 0 0, o0000000002723538;  alias, 0 drivers
v000000000277ba30_0 .net "m2_grnt_", 0 0, v00000000027798a0_0;  alias, 1 drivers
v000000000277a270_0 .net "m2_rw", 0 0, o0000000002723568;  alias, 0 drivers
v000000000277adb0_0 .net "m2_wr_data", 31 0, o0000000002723598;  alias, 0 drivers
v000000000277bf30_0 .net "m3_addr", 29 0, o00000000027235c8;  alias, 0 drivers
v000000000277b530_0 .net "m3_as_", 0 0, o00000000027235f8;  alias, 0 drivers
v000000000277a090_0 .net "m3_grnt_", 0 0, v0000000002779260_0;  alias, 1 drivers
v000000000277a130_0 .net "m3_rw", 0 0, o0000000002723628;  alias, 0 drivers
v000000000277ae50_0 .net "m3_wr_data", 31 0, o0000000002723658;  alias, 0 drivers
v000000000277a590_0 .var "s_addr", 29 0;
v000000000277a9f0_0 .var "s_as_", 0 0;
v000000000277a3b0_0 .var "s_rw", 0 0;
v000000000277b710_0 .var "s_wr_data", 31 0;
E_000000000271ba10/0 .event edge, v00000000027793a0_0, v0000000002779a80_0, v0000000002779800_0, v0000000002779f80_0;
E_000000000271ba10/1 .event edge, v0000000002779d00_0, v0000000002779c60_0, v0000000002779080_0, v0000000002779da0_0;
E_000000000271ba10/2 .event edge, v00000000027796c0_0, v0000000002779760_0, v00000000027798a0_0, v000000000277bad0_0;
E_000000000271ba10/3 .event edge, v000000000277b210_0, v000000000277a270_0, v000000000277adb0_0, v0000000002779260_0;
E_000000000271ba10/4 .event edge, v000000000277bf30_0, v000000000277b530_0, v000000000277a130_0, v000000000277ae50_0;
E_000000000271ba10 .event/or E_000000000271ba10/0, E_000000000271ba10/1, E_000000000271ba10/2, E_000000000271ba10/3, E_000000000271ba10/4;
S_00000000026a29b0 .scope module, "bus_slave_mux" "bus_slave_mux" 2 101, 6 3 0, S_00000000026f1c60;
 .timescale 0 0;
    .port_info 0 /INPUT 1 "s0_cs_"
    .port_info 1 /INPUT 32 "s0_rd_data"
    .port_info 2 /INPUT 1 "s0_rdy_"
    .port_info 3 /INPUT 1 "s1_cs_"
    .port_info 4 /INPUT 32 "s1_rd_data"
    .port_info 5 /INPUT 1 "s1_rdy_"
    .port_info 6 /INPUT 1 "s2_cs_"
    .port_info 7 /INPUT 32 "s2_rd_data"
    .port_info 8 /INPUT 1 "s2_rdy_"
    .port_info 9 /INPUT 1 "s3_cs_"
    .port_info 10 /INPUT 32 "s3_rd_data"
    .port_info 11 /INPUT 1 "s3_rdy_"
    .port_info 12 /INPUT 1 "s4_cs_"
    .port_info 13 /INPUT 32 "s4_rd_data"
    .port_info 14 /INPUT 1 "s4_rdy_"
    .port_info 15 /INPUT 1 "s5_cs_"
    .port_info 16 /INPUT 32 "s5_rd_data"
    .port_info 17 /INPUT 1 "s5_rdy_"
    .port_info 18 /INPUT 1 "s6_cs_"
    .port_info 19 /INPUT 32 "s6_rd_data"
    .port_info 20 /INPUT 1 "s6_rdy_"
    .port_info 21 /INPUT 1 "s7_cs_"
    .port_info 22 /INPUT 32 "s7_rd_data"
    .port_info 23 /INPUT 1 "s7_rdy_"
    .port_info 24 /OUTPUT 32 "m_rd_data"
    .port_info 25 /OUTPUT 1 "m_rdy_"
v000000000277bb70_0 .var "m_rd_data", 31 0;
v000000000277b170_0 .var "m_rdy_", 0 0;
v000000000277bcb0_0 .net "s0_cs_", 0 0, v00000000026fcd80_0;  alias, 1 drivers
v000000000277b670_0 .net "s0_rd_data", 31 0, o0000000002723bf8;  alias, 0 drivers
v000000000277ab30_0 .net "s0_rdy_", 0 0, o0000000002723c28;  alias, 0 drivers
v000000000277b5d0_0 .net "s1_cs_", 0 0, v000000000271e070_0;  alias, 1 drivers
v000000000277abd0_0 .net "s1_rd_data", 31 0, o0000000002723c58;  alias, 0 drivers
v000000000277a4f0_0 .net "s1_rdy_", 0 0, o0000000002723c88;  alias, 0 drivers
v000000000277a810_0 .net "s2_cs_", 0 0, v00000000026df290_0;  alias, 1 drivers
v000000000277a630_0 .net "s2_rd_data", 31 0, o0000000002723cb8;  alias, 0 drivers
v000000000277a8b0_0 .net "s2_rdy_", 0 0, o0000000002723ce8;  alias, 0 drivers
v000000000277aa90_0 .net "s3_cs_", 0 0, v00000000026df330_0;  alias, 1 drivers
v000000000277a950_0 .net "s3_rd_data", 31 0, o0000000002723d18;  alias, 0 drivers
v000000000277bdf0_0 .net "s3_rdy_", 0 0, o0000000002723d48;  alias, 0 drivers
v000000000277a310_0 .net "s4_cs_", 0 0, v00000000026df3d0_0;  alias, 1 drivers
v000000000277aef0_0 .net "s4_rd_data", 31 0, o0000000002723d78;  alias, 0 drivers
v000000000277b030_0 .net "s4_rdy_", 0 0, o0000000002723da8;  alias, 0 drivers
v000000000277a450_0 .net "s5_cs_", 0 0, v00000000026df470_0;  alias, 1 drivers
v000000000277b7b0_0 .net "s5_rd_data", 31 0, o0000000002723dd8;  alias, 0 drivers
v000000000277bc10_0 .net "s5_rdy_", 0 0, o0000000002723e08;  alias, 0 drivers
v000000000277a6d0_0 .net "s6_cs_", 0 0, v0000000002779e40_0;  alias, 1 drivers
v000000000277bd50_0 .net "s6_rd_data", 31 0, o0000000002723e38;  alias, 0 drivers
v000000000277b850_0 .net "s6_rdy_", 0 0, o0000000002723e68;  alias, 0 drivers
v000000000277ac70_0 .net "s7_cs_", 0 0, v0000000002779bc0_0;  alias, 1 drivers
v000000000277ad10_0 .net "s7_rd_data", 31 0, o0000000002723e98;  alias, 0 drivers
v000000000277af90_0 .net "s7_rdy_", 0 0, o0000000002723ec8;  alias, 0 drivers
E_000000000271c1d0/0 .event edge, v00000000026fcd80_0, v000000000277b670_0, v000000000277ab30_0, v000000000271e070_0;
E_000000000271c1d0/1 .event edge, v000000000277abd0_0, v000000000277a4f0_0, v00000000026df290_0, v000000000277a630_0;
E_000000000271c1d0/2 .event edge, v000000000277a8b0_0, v00000000026df330_0, v000000000277a950_0, v000000000277bdf0_0;
E_000000000271c1d0/3 .event edge, v00000000026df3d0_0, v000000000277aef0_0, v000000000277b030_0, v00000000026df470_0;
E_000000000271c1d0/4 .event edge, v000000000277b7b0_0, v000000000277bc10_0, v0000000002779e40_0, v000000000277bd50_0;
E_000000000271c1d0/5 .event edge, v000000000277b850_0, v0000000002779bc0_0, v000000000277ad10_0, v000000000277af90_0;
E_000000000271c1d0 .event/or E_000000000271c1d0/0, E_000000000271c1d0/1, E_000000000271c1d0/2, E_000000000271c1d0/3, E_000000000271c1d0/4, E_000000000271c1d0/5;
    .scope S_00000000026df510;
T_0 ;
    %wait E_000000000271c710;
    %pushi/vec4 1, 0, 1;
    %store/vec4 v00000000027793a0_0, 0, 1;
    %pushi/vec4 1, 0, 1;
    %store/vec4 v0000000002779c60_0, 0, 1;
    %pushi/vec4 1, 0, 1;
    %store/vec4 v00000000027798a0_0, 0, 1;
    %pushi/vec4 1, 0, 1;
    %store/vec4 v0000000002779260_0, 0, 1;
    %load/vec4 v0000000002779440_0;
    %dup/vec4;
    %pushi/vec4 0, 0, 2;
    %cmp/u;
    %jmp/1 T_0.0, 6;
    %dup/vec4;
    %pushi/vec4 1, 0, 2;
    %cmp/u;
    %jmp/1 T_0.1, 6;
    %dup/vec4;
    %pushi/vec4 2, 0, 2;
    %cmp/u;
    %jmp/1 T_0.2, 6;
    %dup/vec4;
    %pushi/vec4 3, 0, 2;
    %cmp/u;
    %jmp/1 T_0.3, 6;
    %jmp T_0.4;
T_0.0 ;
    %pushi/vec4 0, 0, 1;
    %store/vec4 v00000000027793a0_0, 0, 1;
    %jmp T_0.4;
T_0.1 ;
    %pushi/vec4 0, 0, 1;
    %store/vec4 v0000000002779c60_0, 0, 1;
    %jmp T_0.4;
T_0.2 ;
    %pushi/vec4 0, 0, 1;
    %store/vec4 v00000000027798a0_0, 0, 1;
    %jmp T_0.4;
T_0.3 ;
    %pushi/vec4 0, 0, 1;
    %store/vec4 v0000000002779260_0, 0, 1;
    %jmp T_0.4;
T_0.4 ;
    %pop/vec4 1;
    %jmp T_0;
    .thread T_0, $push;
    .scope S_00000000026df510;
T_1 ;
    %wait E_000000000271c850;
    %load/vec4 v00000000027794e0_0;
    %cmpi/e 0, 0, 1;
    %jmp/0xz  T_1.0, 4;
    %pushi/vec4 0, 0, 2;
    %assign/vec4 v0000000002779440_0, 1;
    %jmp T_1.1;
T_1.0 ;
    %load/vec4 v0000000002779440_0;
    %dup/vec4;
    %pushi/vec4 0, 0, 2;
    %cmp/u;
    %jmp/1 T_1.2, 6;
    %dup/vec4;
    %pushi/vec4 1, 0, 2;
    %cmp/u;
    %jmp/1 T_1.3, 6;
    %dup/vec4;
    %pushi/vec4 2, 0, 2;
    %cmp/u;
    %jmp/1 T_1.4, 6;
    %dup/vec4;
    %pushi/vec4 3, 0, 2;
    %cmp/u;
    %jmp/1 T_1.5, 6;
    %jmp T_1.6;
T_1.2 ;
    %load/vec4 v0000000002779120_0;
    %cmpi/e 0, 0, 1;
    %jmp/0xz  T_1.7, 4;
    %pushi/vec4 0, 0, 2;
    %assign/vec4 v0000000002779440_0, 1;
    %jmp T_1.8;
T_1.7 ;
    %load/vec4 v00000000027799e0_0;
    %cmpi/e 0, 0, 1;
    %jmp/0xz  T_1.9, 4;
    %pushi/vec4 1, 0, 2;
    %assign/vec4 v0000000002779440_0, 1;
    %jmp T_1.10;
T_1.9 ;
    %load/vec4 v0000000002779580_0;
    %cmpi/e 0, 0, 1;
    %jmp/0xz  T_1.11, 4;
    %pushi/vec4 2, 0, 2;
    %assign/vec4 v0000000002779440_0, 1;
    %jmp T_1.12;
T_1.11 ;
    %load/vec4 v00000000027791c0_0;
    %cmpi/e 0, 0, 1;
    %jmp/0xz  T_1.13, 4;
    %pushi/vec4 3, 0, 2;
    %assign/vec4 v0000000002779440_0, 1;
T_1.13 ;
T_1.12 ;
T_1.10 ;
T_1.8 ;
    %jmp T_1.6;
T_1.3 ;
    %load/vec4 v00000000027799e0_0;
    %cmpi/e 0, 0, 1;
    %jmp/0xz  T_1.15, 4;
    %pushi/vec4 1, 0, 2;
    %assign/vec4 v0000000002779440_0, 1;
    %jmp T_1.16;
T_1.15 ;
    %load/vec4 v0000000002779580_0;
    %cmpi/e 0, 0, 1;
    %jmp/0xz  T_1.17, 4;
    %pushi/vec4 2, 0, 2;
    %assign/vec4 v0000000002779440_0, 1;
    %jmp T_1.18;
T_1.17 ;
    %load/vec4 v00000000027791c0_0;
    %cmpi/e 0, 0, 1;
    %jmp/0xz  T_1.19, 4;
    %pushi/vec4 3, 0, 2;
    %assign/vec4 v0000000002779440_0, 1;
    %jmp T_1.20;
T_1.19 ;
    %load/vec4 v0000000002779120_0;
    %cmpi/e 0, 0, 1;
    %jmp/0xz  T_1.21, 4;
    %pushi/vec4 0, 0, 2;
    %assign/vec4 v0000000002779440_0, 1;
T_1.21 ;
T_1.20 ;
T_1.18 ;
T_1.16 ;
    %jmp T_1.6;
T_1.4 ;
    %load/vec4 v0000000002779580_0;
    %cmpi/e 0, 0, 1;
    %jmp/0xz  T_1.23, 4;
    %pushi/vec4 2, 0, 2;
    %assign/vec4 v0000000002779440_0, 1;
    %jmp T_1.24;
T_1.23 ;
    %load/vec4 v00000000027791c0_0;
    %cmpi/e 0, 0, 1;
    %jmp/0xz  T_1.25, 4;
    %pushi/vec4 3, 0, 2;
    %assign/vec4 v0000000002779440_0, 1;
    %jmp T_1.26;
T_1.25 ;
    %load/vec4 v0000000002779120_0;
    %cmpi/e 0, 0, 1;
    %jmp/0xz  T_1.27, 4;
    %pushi/vec4 0, 0, 2;
    %assign/vec4 v0000000002779440_0, 1;
    %jmp T_1.28;
T_1.27 ;
    %load/vec4 v00000000027799e0_0;
    %cmpi/e 0, 0, 1;
    %jmp/0xz  T_1.29, 4;
    %pushi/vec4 1, 0, 2;
    %assign/vec4 v0000000002779440_0, 1;
T_1.29 ;
T_1.28 ;
T_1.26 ;
T_1.24 ;
    %jmp T_1.6;
T_1.5 ;
    %load/vec4 v00000000027791c0_0;
    %cmpi/e 0, 0, 1;
    %jmp/0xz  T_1.31, 4;
    %pushi/vec4 3, 0, 2;
    %assign/vec4 v0000000002779440_0, 1;
    %jmp T_1.32;
T_1.31 ;
    %load/vec4 v0000000002779120_0;
    %cmpi/e 0, 0, 1;
    %jmp/0xz  T_1.33, 4;
    %pushi/vec4 0, 0, 2;
    %assign/vec4 v0000000002779440_0, 1;
    %jmp T_1.34;
T_1.33 ;
    %load/vec4 v00000000027799e0_0;
    %cmpi/e 0, 0, 1;
    %jmp/0xz  T_1.35, 4;
    %pushi/vec4 1, 0, 2;
    %assign/vec4 v0000000002779440_0, 1;
    %jmp T_1.36;
T_1.35 ;
    %load/vec4 v0000000002779580_0;
    %cmpi/e 0, 0, 1;
    %jmp/0xz  T_1.37, 4;
    %pushi/vec4 2, 0, 2;
    %assign/vec4 v0000000002779440_0, 1;
T_1.37 ;
T_1.36 ;
T_1.34 ;
T_1.32 ;
    %jmp T_1.6;
T_1.6 ;
    %pop/vec4 1;
T_1.1 ;
    %jmp T_1;
    .thread T_1;
    .scope S_0000000000f6dfa0;
T_2 ;
    %wait E_000000000271ba10;
    %load/vec4 v0000000002779b20_0;
    %cmpi/e 0, 0, 1;
    %jmp/0xz  T_2.0, 4;
    %load/vec4 v0000000002779a80_0;
    %store/vec4 v000000000277a590_0, 0, 30;
    %load/vec4 v0000000002779800_0;
    %store/vec4 v000000000277a9f0_0, 0, 1;
    %load/vec4 v0000000002779f80_0;
    %store/vec4 v000000000277a3b0_0, 0, 1;
    %load/vec4 v0000000002779d00_0;
    %store/vec4 v000000000277b710_0, 0, 32;
    %jmp T_2.1;
T_2.0 ;
    %load/vec4 v0000000002779620_0;
    %cmpi/e 0, 0, 1;
    %jmp/0xz  T_2.2, 4;
    %load/vec4 v0000000002779080_0;
    %store/vec4 v000000000277a590_0, 0, 30;
    %load/vec4 v0000000002779da0_0;
    %store/vec4 v000000000277a9f0_0, 0, 1;
    %load/vec4 v00000000027796c0_0;
    %store/vec4 v000000000277a3b0_0, 0, 1;
    %load/vec4 v0000000002779760_0;
    %store/vec4 v000000000277b710_0, 0, 32;
    %jmp T_2.3;
T_2.2 ;
    %load/vec4 v000000000277ba30_0;
    %cmpi/e 0, 0, 1;
    %jmp/0xz  T_2.4, 4;
    %load/vec4 v000000000277bad0_0;
    %store/vec4 v000000000277a590_0, 0, 30;
    %load/vec4 v000000000277b210_0;
    %store/vec4 v000000000277a9f0_0, 0, 1;
    %load/vec4 v000000000277a270_0;
    %store/vec4 v000000000277a3b0_0, 0, 1;
    %load/vec4 v000000000277adb0_0;
    %store/vec4 v000000000277b710_0, 0, 32;
    %jmp T_2.5;
T_2.4 ;
    %load/vec4 v000000000277a090_0;
    %cmpi/e 0, 0, 1;
    %jmp/0xz  T_2.6, 4;
    %load/vec4 v000000000277bf30_0;
    %store/vec4 v000000000277a590_0, 0, 30;
    %load/vec4 v000000000277b530_0;
    %store/vec4 v000000000277a9f0_0, 0, 1;
    %load/vec4 v000000000277a130_0;
    %store/vec4 v000000000277a3b0_0, 0, 1;
    %load/vec4 v000000000277ae50_0;
    %store/vec4 v000000000277b710_0, 0, 32;
T_2.6 ;
T_2.5 ;
T_2.3 ;
T_2.1 ;
    %jmp T_2;
    .thread T_2, $push;
    .scope S_00000000026e8e70;
T_3 ;
    %wait E_000000000271c410;
    %pushi/vec4 1, 0, 1;
    %store/vec4 v00000000026fcd80_0, 0, 1;
    %pushi/vec4 1, 0, 1;
    %store/vec4 v000000000271e070_0, 0, 1;
    %pushi/vec4 1, 0, 1;
    %store/vec4 v00000000026df290_0, 0, 1;
    %pushi/vec4 1, 0, 1;
    %store/vec4 v00000000026df330_0, 0, 1;
    %pushi/vec4 1, 0, 1;
    %store/vec4 v00000000026df3d0_0, 0, 1;
    %pushi/vec4 1, 0, 1;
    %store/vec4 v00000000026df470_0, 0, 1;
    %pushi/vec4 1, 0, 1;
    %store/vec4 v0000000002779e40_0, 0, 1;
    %pushi/vec4 1, 0, 1;
    %store/vec4 v0000000002779bc0_0, 0, 1;
    %load/vec4 v0000000002779300_0;
    %dup/vec4;
    %pushi/vec4 0, 0, 3;
    %cmp/u;
    %jmp/1 T_3.0, 6;
    %dup/vec4;
    %pushi/vec4 1, 0, 3;
    %cmp/u;
    %jmp/1 T_3.1, 6;
    %dup/vec4;
    %pushi/vec4 2, 0, 3;
    %cmp/u;
    %jmp/1 T_3.2, 6;
    %dup/vec4;
    %pushi/vec4 3, 0, 3;
    %cmp/u;
    %jmp/1 T_3.3, 6;
    %dup/vec4;
    %pushi/vec4 4, 0, 3;
    %cmp/u;
    %jmp/1 T_3.4, 6;
    %dup/vec4;
    %pushi/vec4 5, 0, 3;
    %cmp/u;
    %jmp/1 T_3.5, 6;
    %dup/vec4;
    %pushi/vec4 6, 0, 3;
    %cmp/u;
    %jmp/1 T_3.6, 6;
    %dup/vec4;
    %pushi/vec4 7, 0, 3;
    %cmp/u;
    %jmp/1 T_3.7, 6;
    %jmp T_3.8;
T_3.0 ;
    %pushi/vec4 0, 0, 1;
    %store/vec4 v00000000026fcd80_0, 0, 1;
    %jmp T_3.8;
T_3.1 ;
    %pushi/vec4 0, 0, 1;
    %store/vec4 v000000000271e070_0, 0, 1;
    %jmp T_3.8;
T_3.2 ;
    %pushi/vec4 0, 0, 1;
    %store/vec4 v00000000026df290_0, 0, 1;
    %jmp T_3.8;
T_3.3 ;
    %pushi/vec4 0, 0, 1;
    %store/vec4 v00000000026df330_0, 0, 1;
    %jmp T_3.8;
T_3.4 ;
    %pushi/vec4 0, 0, 1;
    %store/vec4 v00000000026df3d0_0, 0, 1;
    %jmp T_3.8;
T_3.5 ;
    %pushi/vec4 0, 0, 1;
    %store/vec4 v00000000026df470_0, 0, 1;
    %jmp T_3.8;
T_3.6 ;
    %pushi/vec4 0, 0, 1;
    %store/vec4 v0000000002779e40_0, 0, 1;
    %jmp T_3.8;
T_3.7 ;
    %pushi/vec4 0, 0, 1;
    %store/vec4 v0000000002779bc0_0, 0, 1;
    %jmp T_3.8;
T_3.8 ;
    %pop/vec4 1;
    %jmp T_3;
    .thread T_3, $push;
    .scope S_00000000026a29b0;
T_4 ;
    %wait E_000000000271c1d0;
    %load/vec4 v000000000277bcb0_0;
    %cmpi/e 0, 0, 1;
    %jmp/0xz  T_4.0, 4;
    %load/vec4 v000000000277b670_0;
    %store/vec4 v000000000277bb70_0, 0, 32;
    %load/vec4 v000000000277ab30_0;
    %store/vec4 v000000000277b170_0, 0, 1;
    %jmp T_4.1;
T_4.0 ;
    %load/vec4 v000000000277b5d0_0;
    %cmpi/e 0, 0, 1;
    %jmp/0xz  T_4.2, 4;
    %load/vec4 v000000000277abd0_0;
    %store/vec4 v000000000277bb70_0, 0, 32;
    %load/vec4 v000000000277a4f0_0;
    %store/vec4 v000000000277b170_0, 0, 1;
    %jmp T_4.3;
T_4.2 ;
    %load/vec4 v000000000277a810_0;
    %cmpi/e 0, 0, 1;
    %jmp/0xz  T_4.4, 4;
    %load/vec4 v000000000277a630_0;
    %store/vec4 v000000000277bb70_0, 0, 32;
    %load/vec4 v000000000277a8b0_0;
    %store/vec4 v000000000277b170_0, 0, 1;
    %jmp T_4.5;
T_4.4 ;
    %load/vec4 v000000000277aa90_0;
    %cmpi/e 0, 0, 1;
    %jmp/0xz  T_4.6, 4;
    %load/vec4 v000000000277a950_0;
    %store/vec4 v000000000277bb70_0, 0, 32;
    %load/vec4 v000000000277bdf0_0;
    %store/vec4 v000000000277b170_0, 0, 1;
    %jmp T_4.7;
T_4.6 ;
    %load/vec4 v000000000277a310_0;
    %cmpi/e 0, 0, 1;
    %jmp/0xz  T_4.8, 4;
    %load/vec4 v000000000277aef0_0;
    %store/vec4 v000000000277bb70_0, 0, 32;
    %load/vec4 v000000000277b030_0;
    %store/vec4 v000000000277b170_0, 0, 1;
    %jmp T_4.9;
T_4.8 ;
    %load/vec4 v000000000277a450_0;
    %cmpi/e 0, 0, 1;
    %jmp/0xz  T_4.10, 4;
    %load/vec4 v000000000277b7b0_0;
    %store/vec4 v000000000277bb70_0, 0, 32;
    %load/vec4 v000000000277bc10_0;
    %store/vec4 v000000000277b170_0, 0, 1;
    %jmp T_4.11;
T_4.10 ;
    %load/vec4 v000000000277a6d0_0;
    %cmpi/e 0, 0, 1;
    %jmp/0xz  T_4.12, 4;
    %load/vec4 v000000000277bd50_0;
    %store/vec4 v000000000277bb70_0, 0, 32;
    %load/vec4 v000000000277b850_0;
    %store/vec4 v000000000277b170_0, 0, 1;
    %jmp T_4.13;
T_4.12 ;
    %load/vec4 v000000000277ac70_0;
    %cmpi/e 0, 0, 1;
    %jmp/0xz  T_4.14, 4;
    %load/vec4 v000000000277ad10_0;
    %store/vec4 v000000000277bb70_0, 0, 32;
    %load/vec4 v000000000277af90_0;
    %store/vec4 v000000000277b170_0, 0, 1;
    %jmp T_4.15;
T_4.14 ;
    %pushi/vec4 0, 0, 32;
    %store/vec4 v000000000277bb70_0, 0, 32;
    %pushi/vec4 0, 0, 1;
    %store/vec4 v000000000277b170_0, 0, 1;
T_4.15 ;
T_4.13 ;
T_4.11 ;
T_4.9 ;
T_4.7 ;
T_4.5 ;
T_4.3 ;
T_4.1 ;
    %jmp T_4;
    .thread T_4, $push;
# The file index is used to find the file name in the following table.
:file_names 7;
    "N/A";
    "<interactive>";
    "bus_top.v";
    "bus_addr_dec.v";
    "bus_arbiter.v";
    "bus_master_mux.v";
    "bus_slave_mux.v";
