#! c:/iverilog-x64/bin/vvp
:ivl_version "10.1 (stable)" "(v10_1_1)";
:ivl_delay_selection "TYPICAL";
:vpi_time_precision + 0;
:vpi_module "system";
:vpi_module "vhdl_sys";
:vpi_module "v2005_math";
:vpi_module "va_math";
S_00000000026a2df0 .scope module, "timer" "timer" 2 4;
 .timescale 0 0;
    .port_info 0 /INPUT 1 "clk"
    .port_info 1 /INPUT 1 "reset"
    .port_info 2 /INPUT 1 "cs_"
    .port_info 3 /INPUT 1 "as_"
    .port_info 4 /INPUT 1 "rw"
    .port_info 5 /INPUT 2 "addr"
    .port_info 6 /INPUT 32 "wr_data"
    .port_info 7 /OUTPUT 32 "rd_data"
    .port_info 8 /OUTPUT 1 "rdy_"
    .port_info 9 /OUTPUT 1 "irq"
L_0000000002744118 .functor BUFT 1, C4<1>, C4<0>, C4<0>, C4<0>;
L_00000000026e2b90 .functor XNOR 1, v0000000002741920_0, L_0000000002744118, C4<0>, C4<0>;
L_00000000026e26c0 .functor AND 1, L_00000000027416a0, L_00000000026e2b90, C4<1>, C4<1>;
v00000000026a3020_0 .net *"_s0", 0 0, L_00000000027416a0;  1 drivers
L_00000000027441a8 .functor BUFT 1, C4<0>, C4<0>, C4<0>, C4<0>;
v00000000026a30c0_0 .net/2u *"_s10", 0 0, L_00000000027441a8;  1 drivers
v0000000002740930_0 .net/2u *"_s2", 0 0, L_0000000002744118;  1 drivers
v00000000027409d0_0 .net *"_s4", 0 0, L_00000000026e2b90;  1 drivers
v0000000002740a70_0 .net *"_s6", 0 0, L_00000000026e26c0;  1 drivers
L_0000000002744160 .functor BUFT 1, C4<1>, C4<0>, C4<0>, C4<0>;
v0000000002740b10_0 .net/2u *"_s8", 0 0, L_0000000002744160;  1 drivers
o00000000026e9558 .functor BUFZ 2, C4<zz>; HiZ drive
v0000000002740bb0_0 .net "addr", 1 0, o00000000026e9558;  0 drivers
o00000000026e9588 .functor BUFZ 1, C4<z>; HiZ drive
v0000000002740c50_0 .net "as_", 0 0, o00000000026e9588;  0 drivers
o00000000026e95b8 .functor BUFZ 1, C4<z>; HiZ drive
v00000000027412e0_0 .net "clk", 0 0, o00000000026e95b8;  0 drivers
v0000000002741740_0 .var "counter", 31 0;
o00000000026e9618 .functor BUFZ 1, C4<z>; HiZ drive
v0000000002740de0_0 .net "cs_", 0 0, o00000000026e9618;  0 drivers
v0000000002741380_0 .net "expr_flag", 0 0, L_0000000002741060;  1 drivers
v0000000002741240_0 .var "expr_val", 31 0;
v0000000002740fc0_0 .var "irq", 0 0;
v0000000002740e80_0 .var "mode", 0 0;
v0000000002740f20_0 .var "rd_data", 31 0;
v0000000002741420_0 .var "rdy_", 0 0;
o00000000026e9768 .functor BUFZ 1, C4<z>; HiZ drive
v0000000002741100_0 .net "reset", 0 0, o00000000026e9768;  0 drivers
o00000000026e9798 .functor BUFZ 1, C4<z>; HiZ drive
v00000000027414c0_0 .net "rw", 0 0, o00000000026e9798;  0 drivers
v0000000002741920_0 .var "start", 0 0;
o00000000026e97f8 .functor BUFZ 32, C4<zzzzzzzzzzzzzzzzzzzzzzzzzzzzzzzz>; HiZ drive
v00000000027417e0_0 .net "wr_data", 31 0, o00000000026e97f8;  0 drivers
E_00000000026e8df0/0 .event negedge, v0000000002741100_0;
E_00000000026e8df0/1 .event posedge, v00000000027412e0_0;
E_00000000026e8df0 .event/or E_00000000026e8df0/0, E_00000000026e8df0/1;
L_00000000027416a0 .cmp/eq 32, v0000000002741740_0, v0000000002741240_0;
L_0000000002741060 .functor MUXZ 1, L_00000000027441a8, L_0000000002744160, L_00000000026e26c0, C4<>;
    .scope S_00000000026a2df0;
T_0 ;
    %wait E_00000000026e8df0;
    %load/vec4 v0000000002741100_0;
    %cmpi/e 0, 0, 1;
    %jmp/0xz  T_0.0, 4;
    %pushi/vec4 0, 0, 32;
    %assign/vec4 v0000000002740f20_0, 1;
    %pushi/vec4 0, 0, 1;
    %assign/vec4 v0000000002741420_0, 1;
    %pushi/vec4 0, 0, 1;
    %assign/vec4 v0000000002741920_0, 1;
    %pushi/vec4 0, 0, 1;
    %assign/vec4 v0000000002740e80_0, 1;
    %pushi/vec4 0, 0, 1;
    %assign/vec4 v0000000002740fc0_0, 1;
    %pushi/vec4 0, 0, 32;
    %assign/vec4 v0000000002741240_0, 1;
    %pushi/vec4 0, 0, 32;
    %assign/vec4 v0000000002741740_0, 1;
    %jmp T_0.1;
T_0.0 ;
    %load/vec4 v0000000002740de0_0;
    %pushi/vec4 0, 0, 1;
    %cmp/e;
    %flag_get/vec4 4;
    %load/vec4 v0000000002740c50_0;
    %pushi/vec4 0, 0, 1;
    %cmp/e;
    %flag_get/vec4 4;
    %and;
    %flag_set/vec4 8;
    %jmp/0xz  T_0.2, 8;
    %pushi/vec4 1, 0, 1;
    %assign/vec4 v0000000002741420_0, 1;
    %jmp T_0.3;
T_0.2 ;
    %pushi/vec4 0, 0, 1;
    %assign/vec4 v0000000002741420_0, 1;
T_0.3 ;
    %load/vec4 v0000000002740de0_0;
    %pushi/vec4 0, 0, 1;
    %cmp/e;
    %flag_get/vec4 4;
    %load/vec4 v0000000002740c50_0;
    %pushi/vec4 1, 0, 1;
    %cmp/e;
    %flag_get/vec4 4;
    %and;
    %load/vec4 v00000000027414c0_0;
    %pushi/vec4 1, 0, 1;
    %cmp/e;
    %flag_get/vec4 4;
    %and;
    %flag_set/vec4 8;
    %jmp/0xz  T_0.4, 8;
    %load/vec4 v0000000002740bb0_0;
    %dup/vec4;
    %pushi/vec4 0, 0, 2;
    %cmp/u;
    %jmp/1 T_0.6, 6;
    %dup/vec4;
    %pushi/vec4 1, 0, 2;
    %cmp/u;
    %jmp/1 T_0.7, 6;
    %dup/vec4;
    %pushi/vec4 2, 0, 2;
    %cmp/u;
    %jmp/1 T_0.8, 6;
    %dup/vec4;
    %pushi/vec4 3, 0, 2;
    %cmp/u;
    %jmp/1 T_0.9, 6;
    %jmp T_0.10;
T_0.6 ;
    %pushi/vec4 0, 0, 30;
    %load/vec4 v0000000002740e80_0;
    %concat/vec4; draw_concat_vec4
    %load/vec4 v0000000002741920_0;
    %concat/vec4; draw_concat_vec4
    %assign/vec4 v0000000002740f20_0, 1;
    %jmp T_0.10;
T_0.7 ;
    %pushi/vec4 0, 0, 31;
    %load/vec4 v0000000002740fc0_0;
    %concat/vec4; draw_concat_vec4
    %assign/vec4 v0000000002740f20_0, 1;
    %jmp T_0.10;
T_0.8 ;
    %load/vec4 v0000000002741240_0;
    %assign/vec4 v0000000002740f20_0, 1;
    %jmp T_0.10;
T_0.9 ;
    %load/vec4 v0000000002741740_0;
    %assign/vec4 v0000000002740f20_0, 1;
    %jmp T_0.10;
T_0.10 ;
    %pop/vec4 1;
    %jmp T_0.5;
T_0.4 ;
    %pushi/vec4 0, 0, 32;
    %assign/vec4 v0000000002740f20_0, 1;
T_0.5 ;
    %load/vec4 v0000000002740de0_0;
    %pushi/vec4 0, 0, 1;
    %cmp/e;
    %flag_get/vec4 4;
    %load/vec4 v0000000002740c50_0;
    %pushi/vec4 1, 0, 1;
    %cmp/e;
    %flag_get/vec4 4;
    %and;
    %load/vec4 v00000000027414c0_0;
    %pushi/vec4 0, 0, 1;
    %cmp/e;
    %flag_get/vec4 4;
    %and;
    %load/vec4 v0000000002740bb0_0;
    %pushi/vec4 0, 0, 2;
    %cmp/e;
    %flag_get/vec4 4;
    %and;
    %flag_set/vec4 8;
    %jmp/0xz  T_0.11, 8;
    %load/vec4 v00000000027417e0_0;
    %parti/s 1, 0, 2;
    %assign/vec4 v0000000002741920_0, 1;
    %load/vec4 v00000000027417e0_0;
    %parti/s 1, 1, 2;
    %assign/vec4 v0000000002740e80_0, 1;
    %jmp T_0.12;
T_0.11 ;
    %load/vec4 v0000000002741380_0;
    %pushi/vec4 1, 0, 1;
    %cmp/e;
    %flag_get/vec4 4;
    %load/vec4 v0000000002740e80_0;
    %pushi/vec4 0, 0, 1;
    %cmp/e;
    %flag_get/vec4 4;
    %and;
    %flag_set/vec4 8;
    %jmp/0xz  T_0.13, 8;
    %pushi/vec4 0, 0, 1;
    %assign/vec4 v0000000002741920_0, 1;
T_0.13 ;
T_0.12 ;
    %load/vec4 v0000000002741380_0;
    %cmpi/e 1, 0, 1;
    %jmp/0xz  T_0.15, 4;
    %pushi/vec4 1, 0, 1;
    %assign/vec4 v0000000002740fc0_0, 1;
    %jmp T_0.16;
T_0.15 ;
    %load/vec4 v0000000002740de0_0;
    %pushi/vec4 0, 0, 1;
    %cmp/e;
    %flag_get/vec4 4;
    %load/vec4 v0000000002740c50_0;
    %pushi/vec4 0, 0, 1;
    %cmp/e;
    %flag_get/vec4 4;
    %and;
    %load/vec4 v00000000027414c0_0;
    %pushi/vec4 0, 0, 1;
    %cmp/e;
    %flag_get/vec4 4;
    %and;
    %load/vec4 v0000000002740bb0_0;
    %pushi/vec4 1, 0, 2;
    %cmp/e;
    %flag_get/vec4 4;
    %and;
    %flag_set/vec4 8;
    %jmp/0xz  T_0.17, 8;
    %load/vec4 v00000000027417e0_0;
    %parti/s 1, 0, 2;
    %assign/vec4 v0000000002740fc0_0, 1;
T_0.17 ;
T_0.16 ;
    %load/vec4 v0000000002740de0_0;
    %pushi/vec4 0, 0, 1;
    %cmp/e;
    %flag_get/vec4 4;
    %load/vec4 v0000000002740c50_0;
    %pushi/vec4 0, 0, 1;
    %cmp/e;
    %flag_get/vec4 4;
    %and;
    %load/vec4 v00000000027414c0_0;
    %pushi/vec4 0, 0, 1;
    %cmp/e;
    %flag_get/vec4 4;
    %and;
    %load/vec4 v0000000002740bb0_0;
    %pushi/vec4 2, 0, 2;
    %cmp/e;
    %flag_get/vec4 4;
    %and;
    %flag_set/vec4 8;
    %jmp/0xz  T_0.19, 8;
    %load/vec4 v00000000027417e0_0;
    %assign/vec4 v0000000002741240_0, 1;
T_0.19 ;
    %load/vec4 v0000000002740de0_0;
    %pushi/vec4 0, 0, 1;
    %cmp/e;
    %flag_get/vec4 4;
    %load/vec4 v0000000002740c50_0;
    %pushi/vec4 0, 0, 1;
    %cmp/e;
    %flag_get/vec4 4;
    %and;
    %load/vec4 v00000000027414c0_0;
    %pushi/vec4 0, 0, 1;
    %cmp/e;
    %flag_get/vec4 4;
    %and;
    %load/vec4 v0000000002740bb0_0;
    %pushi/vec4 1, 0, 2;
    %cmp/e;
    %flag_get/vec4 4;
    %and;
    %flag_set/vec4 8;
    %jmp/0xz  T_0.21, 8;
    %load/vec4 v00000000027417e0_0;
    %assign/vec4 v0000000002741740_0, 1;
    %jmp T_0.22;
T_0.21 ;
    %load/vec4 v0000000002741380_0;
    %cmpi/e 1, 0, 1;
    %jmp/0xz  T_0.23, 4;
    %pushi/vec4 0, 0, 32;
    %assign/vec4 v0000000002741740_0, 1;
    %jmp T_0.24;
T_0.23 ;
    %load/vec4 v0000000002741920_0;
    %cmpi/e 1, 0, 1;
    %jmp/0xz  T_0.25, 4;
    %load/vec4 v0000000002741740_0;
    %addi 1, 0, 32;
    %assign/vec4 v0000000002741740_0, 1;
T_0.25 ;
T_0.24 ;
T_0.22 ;
T_0.1 ;
    %jmp T_0;
    .thread T_0;
# The file index is used to find the file name in the following table.
:file_names 3;
    "N/A";
    "<interactive>";
    "timer.v";
