#! c:/iverilog-x64/bin/vvp
:ivl_version "10.1 (stable)" "(v10_1_1)";
:ivl_delay_selection "TYPICAL";
:vpi_time_precision + 0;
:vpi_module "system";
:vpi_module "vhdl_sys";
:vpi_module "v2005_math";
:vpi_module "va_math";
S_0000000002672d70 .scope module, "ctrl" "ctrl" 2 6;
 .timescale 0 0;
    .port_info 0 /INPUT 1 "clk"
    .port_info 1 /INPUT 1 "reset"
    .port_info 2 /INPUT 5 "creg_rd_addr"
    .port_info 3 /OUTPUT 32 "creg_rd_data"
    .port_info 4 /OUTPUT 1 "exe_mode"
    .port_info 5 /INPUT 8 "irq"
    .port_info 6 /OUTPUT 1 "int_detect"
    .port_info 7 /INPUT 30 "id_pc"
    .port_info 8 /INPUT 30 "mem_pc"
    .port_info 9 /INPUT 1 "mem_en"
    .port_info 10 /INPUT 1 "mem_br_flag"
    .port_info 11 /INPUT 2 "mem_ctrl_op"
    .port_info 12 /INPUT 30 "mem_dst_addr"
    .port_info 13 /INPUT 1 "mem_gpr_we_"
    .port_info 14 /INPUT 3 "mem_exp_code"
    .port_info 15 /OUTPUT 32 "mem_out"
    .port_info 16 /INPUT 1 "if_busy"
    .port_info 17 /INPUT 1 "mem_busy"
    .port_info 18 /INPUT 1 "ld_hazard"
    .port_info 19 /INPUT 1 "if_stall"
    .port_info 20 /INPUT 1 "id_stall"
    .port_info 21 /INPUT 1 "ex_stall"
    .port_info 22 /INPUT 1 "mem_stall"
    .port_info 23 /INPUT 1 "if_flush"
    .port_info 24 /INPUT 1 "id_flush"
    .port_info 25 /INPUT 1 "ex_flush"
    .port_info 26 /INPUT 1 "mem_flush"
    .port_info 27 /OUTPUT 30 "new_pc"
o00000000026d3bd8 .functor BUFZ 1, C4<z>; HiZ drive
o00000000026d3d88 .functor BUFZ 1, C4<z>; HiZ drive
L_00000000026c53c0 .functor OR 1, o00000000026d3bd8, o00000000026d3d88, C4<0>, C4<0>;
o00000000026d3cf8 .functor BUFZ 1, C4<z>; HiZ drive
L_00000000026c4be0 .functor OR 1, L_00000000026c53c0, o00000000026d3cf8, C4<0>, C4<0>;
L_00000000026c4c50 .functor BUFZ 1, L_00000000026c53c0, C4<0>, C4<0>, C4<0>;
L_00000000026c4e10 .functor BUFZ 1, L_00000000026c53c0, C4<0>, C4<0>, C4<0>;
L_00000000026c50b0 .functor BUFZ 1, L_00000000026c53c0, C4<0>, C4<0>, C4<0>;
L_00000000026c4a20 .functor BUFZ 1, v00000000026d2940_0, C4<0>, C4<0>, C4<0>;
L_00000000026c4fd0 .functor OR 1, v00000000026d2940_0, o00000000026d3cf8, C4<0>, C4<0>;
L_00000000026c4a90 .functor BUFZ 1, v00000000026d2940_0, C4<0>, C4<0>, C4<0>;
L_00000000026c4b00 .functor BUFZ 1, v00000000026d2940_0, C4<0>, C4<0>, C4<0>;
v00000000026d35c0_0 .var "br_flag", 0 0;
o00000000026d3938 .functor BUFZ 1, C4<z>; HiZ drive
v00000000026d3840_0 .net "clk", 0 0, o00000000026d3938;  0 drivers
o00000000026d3968 .functor BUFZ 5, C4<zzzzz>; HiZ drive
v00000000026d3480_0 .net "creg_rd_addr", 4 0, o00000000026d3968;  0 drivers
v00000000026d3020_0 .var "creg_rd_data", 31 0;
v00000000026d2e40_0 .var "dly_flag", 0 0;
v00000000026d3160_0 .var "epc", 29 0;
v00000000026d2d00_0 .net "ex_flush", 0 0, L_00000000026c4a90;  1 drivers
v00000000026d3340_0 .net "ex_stall", 0 0, L_00000000026c4e10;  1 drivers
v00000000026d3660_0 .var "exe_mode", 0 0;
v00000000026d3520_0 .var "exp_code", 2 0;
v00000000026d30c0_0 .var "exp_vector", 29 0;
v00000000026d2940_0 .var "flush", 0 0;
v00000000026d2ee0_0 .net "id_flush", 0 0, L_00000000026c4fd0;  1 drivers
o00000000026d3b78 .functor BUFZ 30, C4<zzzzzzzzzzzzzzzzzzzzzzzzzzzzzz>; HiZ drive
v00000000026d29e0_0 .net "id_pc", 29 0, o00000000026d3b78;  0 drivers
v00000000026d2a80_0 .net "id_stall", 0 0, L_00000000026c4c50;  1 drivers
v00000000026d3700_0 .net "if_busy", 0 0, o00000000026d3bd8;  0 drivers
v00000000026d37a0_0 .net "if_flush", 0 0, L_00000000026c4a20;  1 drivers
v00000000026d3200_0 .net "if_stall", 0 0, L_00000000026c4be0;  1 drivers
v00000000026d2f80_0 .var "int_detect", 0 0;
v00000000026d32a0_0 .var "int_en", 0 0;
o00000000026d3cc8 .functor BUFZ 8, C4<zzzzzzzz>; HiZ drive
v00000000026d33e0_0 .net "irq", 7 0, o00000000026d3cc8;  0 drivers
v00000000026d2b20_0 .net "ld_hazard", 0 0, o00000000026d3cf8;  0 drivers
v00000000026d2bc0_0 .var "mask", 7 0;
o00000000026d3d58 .functor BUFZ 1, C4<z>; HiZ drive
v00000000026d2da0_0 .net "mem_br_flag", 0 0, o00000000026d3d58;  0 drivers
v00000000026d2c60_0 .net "mem_busy", 0 0, o00000000026d3d88;  0 drivers
o00000000026d3db8 .functor BUFZ 2, C4<zz>; HiZ drive
v000000000272a440_0 .net "mem_ctrl_op", 1 0, o00000000026d3db8;  0 drivers
o00000000026d3de8 .functor BUFZ 30, C4<zzzzzzzzzzzzzzzzzzzzzzzzzzzzzz>; HiZ drive
v000000000272a080_0 .net "mem_dst_addr", 29 0, o00000000026d3de8;  0 drivers
o00000000026d3e18 .functor BUFZ 1, C4<z>; HiZ drive
v000000000272b2a0_0 .net "mem_en", 0 0, o00000000026d3e18;  0 drivers
o00000000026d3e48 .functor BUFZ 3, C4<zzz>; HiZ drive
v000000000272a120_0 .net "mem_exp_code", 2 0, o00000000026d3e48;  0 drivers
v000000000272a580_0 .net "mem_flush", 0 0, L_00000000026c4b00;  1 drivers
o00000000026d3ea8 .functor BUFZ 1, C4<z>; HiZ drive
v000000000272bca0_0 .net "mem_gpr_we_", 0 0, o00000000026d3ea8;  0 drivers
v000000000272b200_0 .var "mem_out", 31 0;
o00000000026d3f08 .functor BUFZ 30, C4<zzzzzzzzzzzzzzzzzzzzzzzzzzzzzz>; HiZ drive
v000000000272a620_0 .net "mem_pc", 29 0, o00000000026d3f08;  0 drivers
v000000000272ae40_0 .net "mem_stall", 0 0, L_00000000026c50b0;  1 drivers
v000000000272b020_0 .var "new_pc", 29 0;
v000000000272b0c0_0 .var "pre_exe_mode", 0 0;
v000000000272b5c0_0 .var "pre_int_en", 0 0;
v000000000272b480_0 .var "pre_pc", 29 0;
o00000000026d4028 .functor BUFZ 1, C4<z>; HiZ drive
v000000000272a940_0 .net "reset", 0 0, o00000000026d4028;  0 drivers
v000000000272bb60_0 .net "stall", 0 0, L_00000000026c53c0;  1 drivers
E_00000000026d15f0/0 .event negedge, v000000000272a940_0;
E_00000000026d15f0/1 .event posedge, v00000000026d3840_0;
E_00000000026d15f0 .event/or E_00000000026d15f0/0, E_00000000026d15f0/1;
E_00000000026d14b0/0 .event edge, v00000000026d3480_0, v00000000026d32a0_0, v00000000026d3660_0, v000000000272b5c0_0;
E_00000000026d14b0/1 .event edge, v000000000272b0c0_0, v00000000026d29e0_0, v00000000026d3160_0, v00000000026d30c0_0;
E_00000000026d14b0/2 .event edge, v00000000026d2bc0_0, v00000000026d33e0_0;
E_00000000026d14b0 .event/or E_00000000026d14b0/0, E_00000000026d14b0/1, E_00000000026d14b0/2;
E_00000000026d17b0 .event edge, v00000000026d32a0_0, v00000000026d2bc0_0, v00000000026d33e0_0;
E_00000000026d0e30/0 .event edge, v000000000272b2a0_0, v000000000272a120_0, v00000000026d30c0_0, v000000000272a440_0;
E_00000000026d0e30/1 .event edge, v00000000026d3160_0, v000000000272a620_0;
E_00000000026d0e30 .event/or E_00000000026d0e30/0, E_00000000026d0e30/1;
    .scope S_0000000002672d70;
T_0 ;
    %wait E_00000000026d0e30;
    %pushi/vec4 0, 0, 30;
    %store/vec4 v000000000272b020_0, 0, 30;
    %pushi/vec4 0, 0, 1;
    %store/vec4 v00000000026d2940_0, 0, 1;
    %load/vec4 v000000000272b2a0_0;
    %cmpi/e 1, 0, 1;
    %jmp/0xz  T_0.0, 4;
    %load/vec4 v000000000272a120_0;
    %cmpi/ne 0, 0, 3;
    %jmp/0xz  T_0.2, 4;
    %load/vec4 v00000000026d30c0_0;
    %store/vec4 v000000000272b020_0, 0, 30;
    %pushi/vec4 1, 0, 1;
    %store/vec4 v00000000026d2940_0, 0, 1;
    %jmp T_0.3;
T_0.2 ;
    %load/vec4 v000000000272a440_0;
    %cmpi/e 2, 0, 2;
    %jmp/0xz  T_0.4, 4;
    %load/vec4 v00000000026d3160_0;
    %store/vec4 v000000000272b020_0, 0, 30;
    %pushi/vec4 1, 0, 1;
    %store/vec4 v00000000026d2940_0, 0, 1;
    %jmp T_0.5;
T_0.4 ;
    %load/vec4 v000000000272a440_0;
    %cmpi/e 1, 0, 2;
    %jmp/0xz  T_0.6, 4;
    %load/vec4 v000000000272a620_0;
    %store/vec4 v000000000272b020_0, 0, 30;
    %pushi/vec4 1, 0, 1;
    %store/vec4 v00000000026d2940_0, 0, 1;
T_0.6 ;
T_0.5 ;
T_0.3 ;
T_0.0 ;
    %jmp T_0;
    .thread T_0, $push;
    .scope S_0000000002672d70;
T_1 ;
    %wait E_00000000026d17b0;
    %load/vec4 v00000000026d32a0_0;
    %pushi/vec4 1, 0, 1;
    %cmp/e;
    %flag_get/vec4 4;
    %load/vec4 v00000000026d2bc0_0;
    %inv;
    %load/vec4 v00000000026d33e0_0;
    %and;
    %or/r;
    %pushi/vec4 1, 0, 1;
    %cmp/e;
    %flag_get/vec4 4;
    %and;
    %flag_set/vec4 8;
    %jmp/0xz  T_1.0, 8;
    %pushi/vec4 1, 0, 1;
    %store/vec4 v00000000026d2f80_0, 0, 1;
    %jmp T_1.1;
T_1.0 ;
    %pushi/vec4 0, 0, 1;
    %store/vec4 v00000000026d2f80_0, 0, 1;
T_1.1 ;
    %jmp T_1;
    .thread T_1, $push;
    .scope S_0000000002672d70;
T_2 ;
    %wait E_00000000026d14b0;
    %load/vec4 v00000000026d3480_0;
    %dup/vec4;
    %pushi/vec4 0, 0, 5;
    %cmp/u;
    %jmp/1 T_2.0, 6;
    %dup/vec4;
    %pushi/vec4 1, 0, 5;
    %cmp/u;
    %jmp/1 T_2.1, 6;
    %dup/vec4;
    %pushi/vec4 2, 0, 5;
    %cmp/u;
    %jmp/1 T_2.2, 6;
    %dup/vec4;
    %pushi/vec4 3, 0, 5;
    %cmp/u;
    %jmp/1 T_2.3, 6;
    %dup/vec4;
    %pushi/vec4 4, 0, 5;
    %cmp/u;
    %jmp/1 T_2.4, 6;
    %dup/vec4;
    %pushi/vec4 6, 0, 5;
    %cmp/u;
    %jmp/1 T_2.5, 6;
    %dup/vec4;
    %pushi/vec4 7, 0, 5;
    %cmp/u;
    %jmp/1 T_2.6, 6;
    %dup/vec4;
    %pushi/vec4 29, 0, 5;
    %cmp/u;
    %jmp/1 T_2.7, 6;
    %dup/vec4;
    %pushi/vec4 30, 0, 5;
    %cmp/u;
    %jmp/1 T_2.8, 6;
    %dup/vec4;
    %pushi/vec4 31, 0, 5;
    %cmp/u;
    %jmp/1 T_2.9, 6;
    %pushi/vec4 0, 0, 32;
    %store/vec4 v00000000026d3020_0, 0, 32;
    %jmp T_2.11;
T_2.0 ;
    %pushi/vec4 0, 0, 30;
    %load/vec4 v00000000026d32a0_0;
    %concat/vec4; draw_concat_vec4
    %load/vec4 v00000000026d3660_0;
    %concat/vec4; draw_concat_vec4
    %store/vec4 v00000000026d3020_0, 0, 32;
    %jmp T_2.11;
T_2.1 ;
    %pushi/vec4 0, 0, 30;
    %load/vec4 v000000000272b5c0_0;
    %concat/vec4; draw_concat_vec4
    %load/vec4 v000000000272b0c0_0;
    %concat/vec4; draw_concat_vec4
    %store/vec4 v00000000026d3020_0, 0, 32;
    %jmp T_2.11;
T_2.2 ;
    %load/vec4 v00000000026d29e0_0;
    %concati/vec4 0, 0, 2;
    %store/vec4 v00000000026d3020_0, 0, 32;
    %jmp T_2.11;
T_2.3 ;
    %load/vec4 v00000000026d3160_0;
    %concati/vec4 0, 0, 2;
    %store/vec4 v00000000026d3020_0, 0, 32;
    %jmp T_2.11;
T_2.4 ;
    %load/vec4 v00000000026d30c0_0;
    %concati/vec4 0, 0, 2;
    %store/vec4 v00000000026d3020_0, 0, 32;
    %jmp T_2.11;
T_2.5 ;
    %pushi/vec4 0, 0, 24;
    %load/vec4 v00000000026d2bc0_0;
    %concat/vec4; draw_concat_vec4
    %store/vec4 v00000000026d3020_0, 0, 32;
    %jmp T_2.11;
T_2.6 ;
    %pushi/vec4 0, 0, 24;
    %load/vec4 v00000000026d33e0_0;
    %concat/vec4; draw_concat_vec4
    %store/vec4 v00000000026d3020_0, 0, 32;
    %jmp T_2.11;
T_2.7 ;
    %pushi/vec4 8192, 0, 32;
    %store/vec4 v00000000026d3020_0, 0, 32;
    %jmp T_2.11;
T_2.8 ;
    %pushi/vec4 16384, 0, 32;
    %store/vec4 v00000000026d3020_0, 0, 32;
    %jmp T_2.11;
T_2.9 ;
    %pushi/vec4 688324864, 0, 32;
    %store/vec4 v00000000026d3020_0, 0, 32;
    %jmp T_2.11;
T_2.11 ;
    %pop/vec4 1;
    %jmp T_2;
    .thread T_2, $push;
    .scope S_0000000002672d70;
T_3 ;
    %wait E_00000000026d15f0;
    %load/vec4 v000000000272a940_0;
    %cmpi/e 0, 0, 1;
    %jmp/0xz  T_3.0, 4;
    %pushi/vec4 0, 0, 1;
    %assign/vec4 v00000000026d3660_0, 1;
    %pushi/vec4 0, 0, 1;
    %assign/vec4 v00000000026d32a0_0, 1;
    %pushi/vec4 0, 0, 1;
    %assign/vec4 v000000000272b0c0_0, 1;
    %pushi/vec4 0, 0, 1;
    %assign/vec4 v000000000272b5c0_0, 1;
    %pushi/vec4 0, 0, 3;
    %assign/vec4 v00000000026d3520_0, 1;
    %pushi/vec4 255, 0, 8;
    %assign/vec4 v00000000026d2bc0_0, 1;
    %pushi/vec4 0, 0, 1;
    %assign/vec4 v00000000026d2e40_0, 1;
    %pushi/vec4 0, 0, 30;
    %assign/vec4 v00000000026d3160_0, 1;
    %pushi/vec4 0, 0, 30;
    %assign/vec4 v00000000026d30c0_0, 1;
    %pushi/vec4 0, 0, 30;
    %assign/vec4 v000000000272b480_0, 1;
    %pushi/vec4 0, 0, 1;
    %assign/vec4 v00000000026d35c0_0, 1;
    %jmp T_3.1;
T_3.0 ;
    %load/vec4 v000000000272b2a0_0;
    %pushi/vec4 1, 0, 1;
    %cmp/e;
    %flag_get/vec4 4;
    %load/vec4 v000000000272bb60_0;
    %pushi/vec4 0, 0, 1;
    %cmp/e;
    %flag_get/vec4 4;
    %and;
    %flag_set/vec4 8;
    %jmp/0xz  T_3.2, 8;
    %load/vec4 v000000000272a620_0;
    %assign/vec4 v000000000272b480_0, 1;
    %load/vec4 v00000000026d2da0_0;
    %assign/vec4 v00000000026d35c0_0, 1;
    %load/vec4 v000000000272a120_0;
    %cmpi/ne 0, 0, 3;
    %jmp/0xz  T_3.4, 4;
    %pushi/vec4 0, 0, 1;
    %assign/vec4 v00000000026d3660_0, 1;
    %pushi/vec4 0, 0, 1;
    %assign/vec4 v00000000026d32a0_0, 1;
    %load/vec4 v00000000026d3660_0;
    %assign/vec4 v000000000272b0c0_0, 1;
    %load/vec4 v00000000026d32a0_0;
    %assign/vec4 v000000000272b5c0_0, 1;
    %load/vec4 v000000000272a120_0;
    %assign/vec4 v00000000026d3520_0, 1;
    %load/vec4 v00000000026d35c0_0;
    %assign/vec4 v00000000026d2e40_0, 1;
    %load/vec4 v000000000272b480_0;
    %assign/vec4 v00000000026d3160_0, 1;
    %jmp T_3.5;
T_3.4 ;
    %load/vec4 v000000000272a440_0;
    %cmpi/e 2, 0, 2;
    %jmp/0xz  T_3.6, 4;
    %load/vec4 v000000000272b0c0_0;
    %assign/vec4 v00000000026d3660_0, 1;
    %load/vec4 v000000000272b5c0_0;
    %assign/vec4 v00000000026d32a0_0, 1;
    %jmp T_3.7;
T_3.6 ;
    %load/vec4 v000000000272a440_0;
    %cmpi/e 1, 0, 2;
    %jmp/0xz  T_3.8, 4;
    %load/vec4 v000000000272a080_0;
    %dup/vec4;
    %pushi/vec4 0, 0, 30;
    %cmp/u;
    %jmp/1 T_3.10, 6;
    %dup/vec4;
    %pushi/vec4 1, 0, 30;
    %cmp/u;
    %jmp/1 T_3.11, 6;
    %dup/vec4;
    %pushi/vec4 3, 0, 30;
    %cmp/u;
    %jmp/1 T_3.12, 6;
    %dup/vec4;
    %pushi/vec4 4, 0, 30;
    %cmp/u;
    %jmp/1 T_3.13, 6;
    %dup/vec4;
    %pushi/vec4 5, 0, 30;
    %cmp/u;
    %jmp/1 T_3.14, 6;
    %dup/vec4;
    %pushi/vec4 6, 0, 30;
    %cmp/u;
    %jmp/1 T_3.15, 6;
    %jmp T_3.16;
T_3.10 ;
    %load/vec4 v000000000272b200_0;
    %parti/s 1, 0, 2;
    %assign/vec4 v00000000026d3660_0, 1;
    %load/vec4 v000000000272b200_0;
    %parti/s 1, 1, 2;
    %assign/vec4 v00000000026d32a0_0, 1;
    %jmp T_3.16;
T_3.11 ;
    %load/vec4 v000000000272b200_0;
    %parti/s 1, 0, 2;
    %assign/vec4 v000000000272b0c0_0, 1;
    %load/vec4 v000000000272b200_0;
    %parti/s 1, 1, 2;
    %assign/vec4 v000000000272b5c0_0, 1;
    %jmp T_3.16;
T_3.12 ;
    %load/vec4 v000000000272b200_0;
    %parti/s 30, 2, 3;
    %assign/vec4 v00000000026d3160_0, 1;
    %jmp T_3.16;
T_3.13 ;
    %load/vec4 v000000000272b200_0;
    %parti/s 30, 2, 3;
    %assign/vec4 v00000000026d30c0_0, 1;
    %jmp T_3.16;
T_3.14 ;
    %load/vec4 v000000000272b200_0;
    %parti/s 1, 3, 3;
    %assign/vec4 v00000000026d2e40_0, 1;
    %load/vec4 v000000000272b200_0;
    %parti/s 3, 0, 2;
    %assign/vec4 v00000000026d3520_0, 1;
    %jmp T_3.16;
T_3.15 ;
    %load/vec4 v000000000272b200_0;
    %parti/s 8, 0, 2;
    %assign/vec4 v00000000026d2bc0_0, 1;
    %jmp T_3.16;
T_3.16 ;
    %pop/vec4 1;
T_3.8 ;
T_3.7 ;
T_3.5 ;
T_3.2 ;
T_3.1 ;
    %jmp T_3;
    .thread T_3;
# The file index is used to find the file name in the following table.
:file_names 3;
    "N/A";
    "<interactive>";
    "ctrl.v";
