#! c:/iverilog-x64/bin/vvp
:ivl_version "10.1 (stable)" "(v10_1_1)";
:ivl_delay_selection "TYPICAL";
:vpi_time_precision + 0;
:vpi_module "system";
:vpi_module "vhdl_sys";
:vpi_module "v2005_math";
:vpi_module "va_math";
S_00000000026028e0 .scope module, "id_reg" "id_reg" 2 3;
 .timescale 0 0;
    .port_info 0 /INPUT 1 "clk"
    .port_info 1 /INPUT 1 "reset"
    .port_info 2 /INPUT 1 "flush"
    .port_info 3 /INPUT 1 "stall"
    .port_info 4 /INPUT 30 "if_pc"
    .port_info 5 /INPUT 1 "if_en"
    .port_info 6 /INPUT 4 "alu_op"
    .port_info 7 /INPUT 32 "alu_in_0"
    .port_info 8 /INPUT 32 "alu_in_1"
    .port_info 9 /INPUT 1 "br_flag"
    .port_info 10 /INPUT 2 "mem_op"
    .port_info 11 /INPUT 32 "mem_wr_data"
    .port_info 12 /INPUT 2 "ctrl_op"
    .port_info 13 /INPUT 5 "dst_addr"
    .port_info 14 /INPUT 1 "gpr_we_"
    .port_info 15 /INPUT 3 "exp_code"
    .port_info 16 /OUTPUT 30 "id_if_pc"
    .port_info 17 /OUTPUT 1 "id_if_en"
    .port_info 18 /OUTPUT 4 "id_alu_op"
    .port_info 19 /OUTPUT 32 "id_alu_in_0"
    .port_info 20 /OUTPUT 32 "id_alu_in_1"
    .port_info 21 /OUTPUT 1 "id_br_flag"
    .port_info 22 /OUTPUT 2 "id_mem_op"
    .port_info 23 /OUTPUT 32 "id_mem_wr_data"
    .port_info 24 /OUTPUT 2 "id_ctrl_op"
    .port_info 25 /OUTPUT 5 "id_dst_addr"
    .port_info 26 /OUTPUT 1 "id_gpr_we_"
    .port_info 27 /OUTPUT 3 "id_exp_code"
o000000000264a978 .functor BUFZ 32, C4<zzzzzzzzzzzzzzzzzzzzzzzzzzzzzzzz>; HiZ drive
v0000000002602c30_0 .net "alu_in_0", 31 0, o000000000264a978;  0 drivers
o000000000264a9a8 .functor BUFZ 32, C4<zzzzzzzzzzzzzzzzzzzzzzzzzzzzzzzz>; HiZ drive
v00000000026a2270_0 .net "alu_in_1", 31 0, o000000000264a9a8;  0 drivers
o000000000264a9d8 .functor BUFZ 4, C4<zzzz>; HiZ drive
v00000000026a2310_0 .net "alu_op", 3 0, o000000000264a9d8;  0 drivers
o000000000264aa08 .functor BUFZ 1, C4<z>; HiZ drive
v00000000026a23b0_0 .net "br_flag", 0 0, o000000000264aa08;  0 drivers
o000000000264aa38 .functor BUFZ 1, C4<z>; HiZ drive
v00000000026a2450_0 .net "clk", 0 0, o000000000264aa38;  0 drivers
o000000000264aa68 .functor BUFZ 2, C4<zz>; HiZ drive
v00000000026a24f0_0 .net "ctrl_op", 1 0, o000000000264aa68;  0 drivers
o000000000264aa98 .functor BUFZ 5, C4<zzzzz>; HiZ drive
v00000000026a2590_0 .net "dst_addr", 4 0, o000000000264aa98;  0 drivers
o000000000264aac8 .functor BUFZ 3, C4<zzz>; HiZ drive
v00000000026a2630_0 .net "exp_code", 2 0, o000000000264aac8;  0 drivers
o000000000264aaf8 .functor BUFZ 1, C4<z>; HiZ drive
v00000000026a26d0_0 .net "flush", 0 0, o000000000264aaf8;  0 drivers
o000000000264ab28 .functor BUFZ 1, C4<z>; HiZ drive
v00000000026a2770_0 .net "gpr_we_", 0 0, o000000000264ab28;  0 drivers
v00000000026a2810_0 .var "id_alu_in_0", 31 0;
v00000000026a28b0_0 .var "id_alu_in_1", 31 0;
v00000000026a2950_0 .var "id_alu_op", 3 0;
v00000000026a29f0_0 .var "id_br_flag", 0 0;
v00000000026a2a90_0 .var "id_ctrl_op", 1 0;
v00000000026a3440_0 .var "id_dst_addr", 4 0;
v00000000026a3120_0 .var "id_exp_code", 2 0;
v00000000026a3080_0 .var "id_gpr_we_", 0 0;
v00000000026a34e0_0 .var "id_if_en", 0 0;
v00000000026a3580_0 .var "id_if_pc", 29 0;
v00000000026a3260_0 .var "id_mem_op", 1 0;
v00000000026a38a0_0 .var "id_mem_wr_data", 31 0;
o000000000264ad98 .functor BUFZ 1, C4<z>; HiZ drive
v00000000026a3620_0 .net "if_en", 0 0, o000000000264ad98;  0 drivers
o000000000264adc8 .functor BUFZ 30, C4<zzzzzzzzzzzzzzzzzzzzzzzzzzzzzz>; HiZ drive
v00000000026a3940_0 .net "if_pc", 29 0, o000000000264adc8;  0 drivers
o000000000264adf8 .functor BUFZ 2, C4<zz>; HiZ drive
v00000000026a2e00_0 .net "mem_op", 1 0, o000000000264adf8;  0 drivers
o000000000264ae28 .functor BUFZ 32, C4<zzzzzzzzzzzzzzzzzzzzzzzzzzzzzzzz>; HiZ drive
v00000000026a36c0_0 .net "mem_wr_data", 31 0, o000000000264ae28;  0 drivers
o000000000264ae58 .functor BUFZ 1, C4<z>; HiZ drive
v00000000026a3760_0 .net "reset", 0 0, o000000000264ae58;  0 drivers
o000000000264ae88 .functor BUFZ 1, C4<z>; HiZ drive
v00000000026a39e0_0 .net "stall", 0 0, o000000000264ae88;  0 drivers
E_0000000002646d90/0 .event negedge, v00000000026a3760_0;
E_0000000002646d90/1 .event posedge, v00000000026a2450_0;
E_0000000002646d90 .event/or E_0000000002646d90/0, E_0000000002646d90/1;
    .scope S_00000000026028e0;
T_0 ;
    %wait E_0000000002646d90;
    %load/vec4 v00000000026a3760_0;
    %cmpi/e 0, 0, 1;
    %jmp/0xz  T_0.0, 4;
    %pushi/vec4 0, 0, 30;
    %assign/vec4 v00000000026a3580_0, 1;
    %pushi/vec4 0, 0, 1;
    %assign/vec4 v00000000026a34e0_0, 1;
    %pushi/vec4 0, 0, 4;
    %assign/vec4 v00000000026a2950_0, 1;
    %pushi/vec4 0, 0, 32;
    %assign/vec4 v00000000026a2810_0, 1;
    %pushi/vec4 0, 0, 32;
    %assign/vec4 v00000000026a28b0_0, 1;
    %pushi/vec4 0, 0, 1;
    %assign/vec4 v00000000026a29f0_0, 1;
    %pushi/vec4 0, 0, 2;
    %assign/vec4 v00000000026a3260_0, 1;
    %pushi/vec4 0, 0, 32;
    %assign/vec4 v00000000026a38a0_0, 1;
    %pushi/vec4 0, 0, 2;
    %assign/vec4 v00000000026a2a90_0, 1;
    %pushi/vec4 0, 0, 5;
    %assign/vec4 v00000000026a3440_0, 1;
    %pushi/vec4 1, 0, 1;
    %assign/vec4 v00000000026a3080_0, 1;
    %pushi/vec4 0, 0, 3;
    %assign/vec4 v00000000026a3120_0, 1;
    %jmp T_0.1;
T_0.0 ;
    %load/vec4 v00000000026a39e0_0;
    %cmpi/e 0, 0, 1;
    %jmp/0xz  T_0.2, 4;
    %pushi/vec4 0, 0, 30;
    %assign/vec4 v00000000026a3580_0, 1;
    %pushi/vec4 0, 0, 1;
    %assign/vec4 v00000000026a34e0_0, 1;
    %pushi/vec4 0, 0, 4;
    %assign/vec4 v00000000026a2950_0, 1;
    %pushi/vec4 0, 0, 32;
    %assign/vec4 v00000000026a2810_0, 1;
    %pushi/vec4 0, 0, 32;
    %assign/vec4 v00000000026a28b0_0, 1;
    %pushi/vec4 0, 0, 1;
    %assign/vec4 v00000000026a29f0_0, 1;
    %pushi/vec4 0, 0, 2;
    %assign/vec4 v00000000026a3260_0, 1;
    %pushi/vec4 0, 0, 32;
    %assign/vec4 v00000000026a38a0_0, 1;
    %pushi/vec4 0, 0, 2;
    %assign/vec4 v00000000026a2a90_0, 1;
    %pushi/vec4 0, 0, 5;
    %assign/vec4 v00000000026a3440_0, 1;
    %pushi/vec4 1, 0, 1;
    %assign/vec4 v00000000026a3080_0, 1;
    %pushi/vec4 0, 0, 3;
    %assign/vec4 v00000000026a3120_0, 1;
    %jmp T_0.3;
T_0.2 ;
    %load/vec4 v00000000026a3940_0;
    %assign/vec4 v00000000026a3580_0, 1;
    %load/vec4 v00000000026a3620_0;
    %assign/vec4 v00000000026a34e0_0, 1;
    %load/vec4 v00000000026a2310_0;
    %assign/vec4 v00000000026a2950_0, 1;
    %load/vec4 v0000000002602c30_0;
    %assign/vec4 v00000000026a2810_0, 1;
    %load/vec4 v00000000026a2270_0;
    %assign/vec4 v00000000026a28b0_0, 1;
    %load/vec4 v00000000026a23b0_0;
    %assign/vec4 v00000000026a29f0_0, 1;
    %load/vec4 v00000000026a2e00_0;
    %assign/vec4 v00000000026a3260_0, 1;
    %load/vec4 v00000000026a36c0_0;
    %assign/vec4 v00000000026a38a0_0, 1;
    %load/vec4 v00000000026a24f0_0;
    %assign/vec4 v00000000026a2a90_0, 1;
    %load/vec4 v00000000026a2590_0;
    %assign/vec4 v00000000026a3440_0, 1;
    %load/vec4 v00000000026a2770_0;
    %assign/vec4 v00000000026a3080_0, 1;
    %load/vec4 v00000000026a2630_0;
    %assign/vec4 v00000000026a3120_0, 1;
T_0.3 ;
T_0.1 ;
    %jmp T_0;
    .thread T_0;
# The file index is used to find the file name in the following table.
:file_names 3;
    "N/A";
    "<interactive>";
    "id_reg.v";
